<?xml version="1.0" encoding="UTF-8"?>
<testsuite xmlns:xsi="http://www.w3.org/2001/XMLSchema-instance" xsi:noNamespaceSchemaLocation="https://maven.apache.org/surefire/maven-surefire-plugin/xsd/surefire-test-report.xsd" name="org.tcl.mvn.onap.WSMainTest" time="0.11" tests="1" errors="0" skipped="0" failures="0">
  <properties>
    <property name="awt.toolkit" value="sun.awt.X11.XToolkit"/>
    <property name="java.specification.version" value="11"/>
    <property name="sun.cpu.isalist" value=""/>
    <property name="sun.jnu.encoding" value="UTF-8"/>
    <property name="java.class.path" value="/root/OnapWebSocket1/target/test-classes:/root/OnapWebSocket1/target/classes:/root/.m2/repository/junit/junit/4.11/junit-4.11.jar:/root/.m2/repository/org/hamcrest/hamcrest-core/1.3/hamcrest-core-1.3.jar:/root/.m2/repository/log4j/log4j/1.2.17/log4j-1.2.17.jar:/root/.m2/repository/com/typesafe/config/1.3.4/config-1.3.4.jar:/root/.m2/repository/org/glassfish/jersey/core/jersey-client/2.25.1/jersey-client-2.25.1.jar:/root/.m2/repository/javax/ws/rs/javax.ws.rs-api/2.0.1/javax.ws.rs-api-2.0.1.jar:/root/.m2/repository/org/glassfish/jersey/core/jersey-common/2.25.1/jersey-common-2.25.1.jar:/root/.m2/repository/javax/annotation/javax.annotation-api/1.2/javax.annotation-api-1.2.jar:/root/.m2/repository/org/glassfish/jersey/bundles/repackaged/jersey-guava/2.25.1/jersey-guava-2.25.1.jar:/root/.m2/repository/org/glassfish/hk2/osgi-resource-locator/1.0.1/osgi-resource-locator-1.0.1.jar:/root/.m2/repository/org/glassfish/hk2/hk2-api/2.5.0-b32/hk2-api-2.5.0-b32.jar:/root/.m2/repository/org/glassfish/hk2/hk2-utils/2.5.0-b32/hk2-utils-2.5.0-b32.jar:/root/.m2/repository/org/glassfish/hk2/external/aopalliance-repackaged/2.5.0-b32/aopalliance-repackaged-2.5.0-b32.jar:/root/.m2/repository/org/glassfish/hk2/external/javax.inject/2.5.0-b32/javax.inject-2.5.0-b32.jar:/root/.m2/repository/org/glassfish/hk2/hk2-locator/2.5.0-b32/hk2-locator-2.5.0-b32.jar:/root/.m2/repository/org/javassist/javassist/3.20.0-GA/javassist-3.20.0-GA.jar:/root/.m2/repository/javax/activation/activation/1.1.1/activation-1.1.1.jar:/root/.m2/repository/org/glassfish/jersey/media/jersey-media-json-jackson/2.25.1/jersey-media-json-jackson-2.25.1.jar:/root/.m2/repository/org/glassfish/jersey/ext/jersey-entity-filtering/2.25.1/jersey-entity-filtering-2.25.1.jar:/root/.m2/repository/com/fasterxml/jackson/jaxrs/jackson-jaxrs-base/2.8.4/jackson-jaxrs-base-2.8.4.jar:/root/.m2/repository/com/fasterxml/jackson/jaxrs/jackson-jaxrs-json-provider/2.8.4/jackson-jaxrs-json-provider-2.8.4.jar:/root/.m2/repository/com/fasterxml/jackson/module/jackson-module-jaxb-annotations/2.8.4/jackson-module-jaxb-annotations-2.8.4.jar:/root/.m2/repository/com/fasterxml/jackson/core/jackson-databind/2.8.7/jackson-databind-2.8.7.jar:/root/.m2/repository/com/fasterxml/jackson/core/jackson-core/2.8.7/jackson-core-2.8.7.jar:/root/.m2/repository/com/fasterxml/jackson/core/jackson-annotations/2.8.7/jackson-annotations-2.8.7.jar:/root/.m2/repository/javax/xml/bind/jaxb-api/2.3.0/jaxb-api-2.3.0.jar:/root/.m2/repository/org/java-websocket/Java-WebSocket/1.4.0/Java-WebSocket-1.4.0.jar:/root/.m2/repository/org/slf4j/slf4j-api/1.7.25/slf4j-api-1.7.25.jar:/root/.m2/repository/org/slf4j/slf4j-simple/1.7.25/slf4j-simple-1.7.25.jar:/root/.m2/repository/com/google/code/gson/gson/2.8.5/gson-2.8.5.jar:"/>
    <property name="java.vm.vendor" value="Oracle Corporation"/>
    <property name="sun.arch.data.model" value="64"/>
    <property name="java.vendor.url" value="http://java.oracle.com/"/>
    <property name="user.timezone" value=""/>
    <property name="java.vm.specification.version" value="11"/>
    <property name="os.name" value="Linux"/>
    <property name="sun.java.launcher" value="SUN_STANDARD"/>
    <property name="user.country" value="US"/>
    <property name="sun.boot.library.path" value="/usr/lib/jvm/java-11-oracle/lib"/>
    <property name="sun.java.command" value="/root/OnapWebSocket1/target/surefire/surefirebooter17375851615857745094.jar /root/OnapWebSocket1/target/surefire 2019-06-24T05-12-25_211-jvmRun1 surefire13166039512524176273tmp surefire_0555622868785521126tmp"/>
    <property name="jdk.debug" value="release"/>
    <property name="surefire.test.class.path" value="/root/OnapWebSocket1/target/test-classes:/root/OnapWebSocket1/target/classes:/root/.m2/repository/junit/junit/4.11/junit-4.11.jar:/root/.m2/repository/org/hamcrest/hamcrest-core/1.3/hamcrest-core-1.3.jar:/root/.m2/repository/log4j/log4j/1.2.17/log4j-1.2.17.jar:/root/.m2/repository/com/typesafe/config/1.3.4/config-1.3.4.jar:/root/.m2/repository/org/glassfish/jersey/core/jersey-client/2.25.1/jersey-client-2.25.1.jar:/root/.m2/repository/javax/ws/rs/javax.ws.rs-api/2.0.1/javax.ws.rs-api-2.0.1.jar:/root/.m2/repository/org/glassfish/jersey/core/jersey-common/2.25.1/jersey-common-2.25.1.jar:/root/.m2/repository/javax/annotation/javax.annotation-api/1.2/javax.annotation-api-1.2.jar:/root/.m2/repository/org/glassfish/jersey/bundles/repackaged/jersey-guava/2.25.1/jersey-guava-2.25.1.jar:/root/.m2/repository/org/glassfish/hk2/osgi-resource-locator/1.0.1/osgi-resource-locator-1.0.1.jar:/root/.m2/repository/org/glassfish/hk2/hk2-api/2.5.0-b32/hk2-api-2.5.0-b32.jar:/root/.m2/repository/org/glassfish/hk2/hk2-utils/2.5.0-b32/hk2-utils-2.5.0-b32.jar:/root/.m2/repository/org/glassfish/hk2/external/aopalliance-repackaged/2.5.0-b32/aopalliance-repackaged-2.5.0-b32.jar:/root/.m2/repository/org/glassfish/hk2/external/javax.inject/2.5.0-b32/javax.inject-2.5.0-b32.jar:/root/.m2/repository/org/glassfish/hk2/hk2-locator/2.5.0-b32/hk2-locator-2.5.0-b32.jar:/root/.m2/repository/org/javassist/javassist/3.20.0-GA/javassist-3.20.0-GA.jar:/root/.m2/repository/javax/activation/activation/1.1.1/activation-1.1.1.jar:/root/.m2/repository/org/glassfish/jersey/media/jersey-media-json-jackson/2.25.1/jersey-media-json-jackson-2.25.1.jar:/root/.m2/repository/org/glassfish/jersey/ext/jersey-entity-filtering/2.25.1/jersey-entity-filtering-2.25.1.jar:/root/.m2/repository/com/fasterxml/jackson/jaxrs/jackson-jaxrs-base/2.8.4/jackson-jaxrs-base-2.8.4.jar:/root/.m2/repository/com/fasterxml/jackson/jaxrs/jackson-jaxrs-json-provider/2.8.4/jackson-jaxrs-json-provider-2.8.4.jar:/root/.m2/repository/com/fasterxml/jackson/module/jackson-module-jaxb-annotations/2.8.4/jackson-module-jaxb-annotations-2.8.4.jar:/root/.m2/repository/com/fasterxml/jackson/core/jackson-databind/2.8.7/jackson-databind-2.8.7.jar:/root/.m2/repository/com/fasterxml/jackson/core/jackson-core/2.8.7/jackson-core-2.8.7.jar:/root/.m2/repository/com/fasterxml/jackson/core/jackson-annotations/2.8.7/jackson-annotations-2.8.7.jar:/root/.m2/repository/javax/xml/bind/jaxb-api/2.3.0/jaxb-api-2.3.0.jar:/root/.m2/repository/org/java-websocket/Java-WebSocket/1.4.0/Java-WebSocket-1.4.0.jar:/root/.m2/repository/org/slf4j/slf4j-api/1.7.25/slf4j-api-1.7.25.jar:/root/.m2/repository/org/slf4j/slf4j-simple/1.7.25/slf4j-simple-1.7.25.jar:/root/.m2/repository/com/google/code/gson/gson/2.8.5/gson-2.8.5.jar:"/>
    <property name="sun.cpu.endian" value="little"/>
    <property name="user.home" value="/root"/>
    <property name="user.language" value="en"/>
    <property name="java.specification.vendor" value="Oracle Corporation"/>
    <property name="java.version.date" value="2019-01-15"/>
    <property name="java.home" value="/usr/lib/jvm/java-11-oracle"/>
    <property name="file.separator" value="/"/>
    <property name="basedir" value="/root/OnapWebSocket1"/>
    <property name="java.vm.compressedOopsMode" value="32-bit"/>
    <property name="line.separator" value="&#10;"/>
    <property name="java.specification.name" value="Java Platform API Specification"/>
    <property name="java.vm.specification.vendor" value="Oracle Corporation"/>
    <property name="java.awt.graphicsenv" value="sun.awt.X11GraphicsEnvironment"/>
    <property name="surefire.real.class.path" value="/root/OnapWebSocket1/target/surefire/surefirebooter17375851615857745094.jar"/>
    <property name="sun.management.compiler" value="HotSpot 64-Bit Tiered Compilers"/>
    <property name="java.runtime.version" value="11.0.2+9-LTS"/>
    <property name="user.name" value="root"/>
    <property name="path.separator" value=":"/>
    <property name="os.version" value="4.4.0-148-generic"/>
    <property name="java.runtime.name" value="Java(TM) SE Runtime Environment"/>
    <property name="file.encoding" value="UTF-8"/>
    <property name="java.vm.name" value="Java HotSpot(TM) 64-Bit Server VM"/>
    <property name="java.vendor.version" value="18.9"/>
    <property name="localRepository" value="/root/.m2/repository"/>
    <property name="java.vendor.url.bug" value="http://bugreport.java.com/bugreport/"/>
    <property name="java.io.tmpdir" value="/tmp"/>
    <property name="java.version" value="11.0.2"/>
    <property name="user.dir" value="/root/OnapWebSocket1"/>
    <property name="os.arch" value="amd64"/>
    <property name="java.vm.specification.name" value="Java Virtual Machine Specification"/>
    <property name="java.awt.printerjob" value="sun.print.PSPrinterJob"/>
    <property name="sun.os.patch.level" value="unknown"/>
    <property name="java.library.path" value="/usr/java/packages/lib:/usr/lib64:/lib64:/lib:/usr/lib"/>
    <property name="java.vendor" value="Oracle Corporation"/>
    <property name="java.vm.info" value="mixed mode"/>
    <property name="java.vm.version" value="11.0.2+9-LTS"/>
    <property name="sun.io.unicode.encoding" value="UnicodeLittle"/>
    <property name="java.class.version" value="55.0"/>
  </properties>
  <testcase name="shouldAnswerWithTrue" classname="org.tcl.mvn.onap.WSMainTest" time="0.002"/>
</testsuite>